Analysis & Elaboration report for battleship
Wed Apr  3 10:56:41 2024
Quartus Prime Version 22.1std.0 Build 915 10/25/2022 SC Lite Edition


---------------------
; Table of Contents ;
---------------------
  1. Legal Notice
  2. Analysis & Elaboration Summary
  3. Parallel Compilation
  4. Analysis & Elaboration Settings
  5. Port Connectivity Checks: "fsm:maquina"
  6. Analysis & Elaboration Messages



----------------
; Legal Notice ;
----------------
Copyright (C) 2022  Intel Corporation. All rights reserved.
Your use of Intel Corporation's design tools, logic functions 
and other software and tools, and any partner logic 
functions, and any output files from any of the foregoing 
(including device programming or simulation files), and any 
associated documentation or information are expressly subject 
to the terms and conditions of the Intel Program License 
Subscription Agreement, the Intel Quartus Prime License Agreement,
the Intel FPGA IP License Agreement, or other applicable license
agreement, including, without limitation, that your use is for
the sole purpose of programming logic devices manufactured by
Intel and sold by Intel or its authorized distributors.  Please
refer to the applicable agreement for further details, at
https://fpgasoftware.intel.com/eula.



+--------------------------------------------------------------------------------+
; Analysis & Elaboration Summary                                                 ;
+-------------------------------+------------------------------------------------+
; Analysis & Elaboration Status ; Successful - Wed Apr  3 10:56:41 2024          ;
; Quartus Prime Version         ; 22.1std.0 Build 915 10/25/2022 SC Lite Edition ;
; Revision Name                 ; battleship                                     ;
; Top-level Entity Name         ; battleship                                     ;
; Family                        ; Cyclone V                                      ;
; Logic utilization (in ALMs)   ; N/A until Partition Merge                      ;
; Total registers               ; N/A until Partition Merge                      ;
; Total pins                    ; N/A until Partition Merge                      ;
; Total virtual pins            ; N/A until Partition Merge                      ;
; Total block memory bits       ; N/A until Partition Merge                      ;
; Total PLLs                    ; N/A until Partition Merge                      ;
; Total DLLs                    ; N/A until Partition Merge                      ;
+-------------------------------+------------------------------------------------+


+------------------------------------------+
; Parallel Compilation                     ;
+----------------------------+-------------+
; Processors                 ; Number      ;
+----------------------------+-------------+
; Number detected on machine ; 8           ;
; Maximum allowed            ; 4           ;
;                            ;             ;
; Average used               ; 1.00        ;
; Maximum used               ; 1           ;
;                            ;             ;
; Usage by Processor         ; % Time Used ;
;     Processor 1            ; 100.0%      ;
+----------------------------+-------------+


+---------------------------------------------------------------------------------------------------------------------------+
; Analysis & Elaboration Settings                                                                                           ;
+---------------------------------------------------------------------------------+--------------------+--------------------+
; Option                                                                          ; Setting            ; Default Value      ;
+---------------------------------------------------------------------------------+--------------------+--------------------+
; Device                                                                          ; 5CSEMA5F31C6       ;                    ;
; Top-level entity name                                                           ; battleship         ; battleship         ;
; Family name                                                                     ; Cyclone V          ; Cyclone V          ;
; Use smart compilation                                                           ; Off                ; Off                ;
; Enable parallel Assembler and Timing Analyzer during compilation                ; On                 ; On                 ;
; Enable compact report table                                                     ; Off                ; Off                ;
; Restructure Multiplexers                                                        ; Auto               ; Auto               ;
; MLAB Add Timing Constraints For Mixed-Port Feed-Through Mode Setting Don't Care ; Off                ; Off                ;
; Create Debugging Nodes for IP Cores                                             ; Off                ; Off                ;
; Preserve fewer node names                                                       ; On                 ; On                 ;
; Intel FPGA IP Evaluation Mode                                                   ; Enable             ; Enable             ;
; Verilog Version                                                                 ; Verilog_2001       ; Verilog_2001       ;
; VHDL Version                                                                    ; VHDL_1993          ; VHDL_1993          ;
; State Machine Processing                                                        ; Auto               ; Auto               ;
; Safe State Machine                                                              ; Off                ; Off                ;
; Extract Verilog State Machines                                                  ; On                 ; On                 ;
; Extract VHDL State Machines                                                     ; On                 ; On                 ;
; Ignore Verilog initial constructs                                               ; Off                ; Off                ;
; Iteration limit for constant Verilog loops                                      ; 5000               ; 5000               ;
; Iteration limit for non-constant Verilog loops                                  ; 250                ; 250                ;
; Add Pass-Through Logic to Inferred RAMs                                         ; On                 ; On                 ;
; Infer RAMs from Raw Logic                                                       ; On                 ; On                 ;
; Parallel Synthesis                                                              ; On                 ; On                 ;
; DSP Block Balancing                                                             ; Auto               ; Auto               ;
; NOT Gate Push-Back                                                              ; On                 ; On                 ;
; Power-Up Don't Care                                                             ; On                 ; On                 ;
; Remove Redundant Logic Cells                                                    ; Off                ; Off                ;
; Remove Duplicate Registers                                                      ; On                 ; On                 ;
; Ignore CARRY Buffers                                                            ; Off                ; Off                ;
; Ignore CASCADE Buffers                                                          ; Off                ; Off                ;
; Ignore GLOBAL Buffers                                                           ; Off                ; Off                ;
; Ignore ROW GLOBAL Buffers                                                       ; Off                ; Off                ;
; Ignore LCELL Buffers                                                            ; Off                ; Off                ;
; Ignore SOFT Buffers                                                             ; On                 ; On                 ;
; Limit AHDL Integers to 32 Bits                                                  ; Off                ; Off                ;
; Optimization Technique                                                          ; Balanced           ; Balanced           ;
; Carry Chain Length                                                              ; 70                 ; 70                 ;
; Auto Carry Chains                                                               ; On                 ; On                 ;
; Auto Open-Drain Pins                                                            ; On                 ; On                 ;
; Perform WYSIWYG Primitive Resynthesis                                           ; Off                ; Off                ;
; Auto ROM Replacement                                                            ; On                 ; On                 ;
; Auto RAM Replacement                                                            ; On                 ; On                 ;
; Auto DSP Block Replacement                                                      ; On                 ; On                 ;
; Auto Shift Register Replacement                                                 ; Auto               ; Auto               ;
; Allow Shift Register Merging across Hierarchies                                 ; Auto               ; Auto               ;
; Auto Clock Enable Replacement                                                   ; On                 ; On                 ;
; Strict RAM Replacement                                                          ; Off                ; Off                ;
; Allow Synchronous Control Signals                                               ; On                 ; On                 ;
; Force Use of Synchronous Clear Signals                                          ; Off                ; Off                ;
; Auto Resource Sharing                                                           ; Off                ; Off                ;
; Allow Any RAM Size For Recognition                                              ; Off                ; Off                ;
; Allow Any ROM Size For Recognition                                              ; Off                ; Off                ;
; Allow Any Shift Register Size For Recognition                                   ; Off                ; Off                ;
; Use LogicLock Constraints during Resource Balancing                             ; On                 ; On                 ;
; Ignore translate_off and synthesis_off directives                               ; Off                ; Off                ;
; Timing-Driven Synthesis                                                         ; On                 ; On                 ;
; Report Parameter Settings                                                       ; On                 ; On                 ;
; Report Source Assignments                                                       ; On                 ; On                 ;
; Report Connectivity Checks                                                      ; On                 ; On                 ;
; Ignore Maximum Fan-Out Assignments                                              ; Off                ; Off                ;
; Synchronization Register Chain Length                                           ; 3                  ; 3                  ;
; Power Optimization During Synthesis                                             ; Normal compilation ; Normal compilation ;
; HDL message level                                                               ; Level2             ; Level2             ;
; Suppress Register Optimization Related Messages                                 ; Off                ; Off                ;
; Number of Removed Registers Reported in Synthesis Report                        ; 5000               ; 5000               ;
; Number of Swept Nodes Reported in Synthesis Report                              ; 5000               ; 5000               ;
; Number of Inverted Registers Reported in Synthesis Report                       ; 100                ; 100                ;
; Clock MUX Protection                                                            ; On                 ; On                 ;
; Auto Gated Clock Conversion                                                     ; Off                ; Off                ;
; Block Design Naming                                                             ; Auto               ; Auto               ;
; SDC constraint protection                                                       ; Off                ; Off                ;
; Synthesis Effort                                                                ; Auto               ; Auto               ;
; Shift Register Replacement - Allow Asynchronous Clear Signal                    ; On                 ; On                 ;
; Pre-Mapping Resynthesis Optimization                                            ; Off                ; Off                ;
; Analysis & Synthesis Message Level                                              ; Medium             ; Medium             ;
; Disable Register Merging Across Hierarchies                                     ; Auto               ; Auto               ;
; Resource Aware Inference For Block RAM                                          ; On                 ; On                 ;
; Automatic Parallel Synthesis                                                    ; On                 ; On                 ;
; Partial Reconfiguration Bitstream ID                                            ; Off                ; Off                ;
+---------------------------------------------------------------------------------+--------------------+--------------------+


+----------------------------------------------------------------------------------------------------------------------------+
; Port Connectivity Checks: "fsm:maquina"                                                                                    ;
+------------------+--------+----------+-------------------------------------------------------------------------------------+
; Port             ; Type   ; Severity ; Details                                                                             ;
+------------------+--------+----------+-------------------------------------------------------------------------------------+
; barcos_put       ; Input  ; Info     ; Stuck at GND                                                                        ;
; hp_pc[2..1]      ; Input  ; Info     ; Stuck at GND                                                                        ;
; hp_pc[0]         ; Input  ; Info     ; Stuck at VCC                                                                        ;
; hp_player[2..1]  ; Input  ; Info     ; Stuck at GND                                                                        ;
; hp_player[0]     ; Input  ; Info     ; Stuck at VCC                                                                        ;
; en_put_barcos    ; Output ; Info     ; Connected to dangling logic. Logic that only feeds a dangling port will be removed. ;
; en_player_attack ; Output ; Info     ; Connected to dangling logic. Logic that only feeds a dangling port will be removed. ;
+------------------+--------+----------+-------------------------------------------------------------------------------------+


+---------------------------------+
; Analysis & Elaboration Messages ;
+---------------------------------+
Info: *******************************************************************
Info: Running Quartus Prime Analysis & Elaboration
    Info: Version 22.1std.0 Build 915 10/25/2022 SC Lite Edition
    Info: Processing started: Wed Apr  3 10:56:35 2024
Info: Command: quartus_map --read_settings_files=on --write_settings_files=off battleship -c battleship --analysis_and_elaboration
Warning (18236): Number of processors has not been specified which may cause overloading on shared machines.  Set the global assignment NUM_PARALLEL_PROCESSORS in your QSF to an appropriate value for best performance.
Info (20030): Parallel compilation is enabled and will use 4 of the 4 processors detected
Info (12021): Found 1 design units, including 1 entities, in source file battleship.sv
    Info (12023): Found entity 1: battleship File: C:/Users/mende/Desktop/TEC/QuartusProyects/Laboratorio1/laboratorio_3/Battleship/battleship.sv Line: 1
Info (12021): Found 1 design units, including 1 entities, in source file fsm.sv
    Info (12023): Found entity 1: fsm File: C:/Users/mende/Desktop/TEC/QuartusProyects/Laboratorio1/laboratorio_3/Battleship/fsm.sv Line: 1
Info (12021): Found 1 design units, including 1 entities, in source file battleship_tb.sv
    Info (12023): Found entity 1: battleship_tb File: C:/Users/mende/Desktop/TEC/QuartusProyects/Laboratorio1/laboratorio_3/Battleship/battleship_tb.sv Line: 1
Info (12021): Found 1 design units, including 1 entities, in source file contador_seg.sv
    Info (12023): Found entity 1: contador_seg File: C:/Users/mende/Desktop/TEC/QuartusProyects/Laboratorio1/laboratorio_3/Battleship/contador_seg.sv Line: 1
Info (12021): Found 1 design units, including 1 entities, in source file comparador.sv
    Info (12023): Found entity 1: comparador File: C:/Users/mende/Desktop/TEC/QuartusProyects/Laboratorio1/laboratorio_3/Battleship/comparador.sv Line: 1
Info (12021): Found 1 design units, including 1 entities, in source file movimiento.sv
    Info (12023): Found entity 1: movimiento File: C:/Users/mende/Desktop/TEC/QuartusProyects/Laboratorio1/laboratorio_3/Battleship/movimiento.sv Line: 1
Info (12021): Found 1 design units, including 1 entities, in source file clk_divider.sv
    Info (12023): Found entity 1: clk_divider File: C:/Users/mende/Desktop/TEC/QuartusProyects/Laboratorio1/laboratorio_3/Battleship/clk_divider.sv Line: 1
Info (12127): Elaborating entity "battleship" for the top level hierarchy
Warning (10036): Verilog HDL or VHDL warning at battleship.sv(26): object "matriz_pc" assigned a value but never read File: C:/Users/mende/Desktop/TEC/QuartusProyects/Laboratorio1/laboratorio_3/Battleship/battleship.sv Line: 26
Warning (10036): Verilog HDL or VHDL warning at battleship.sv(27): object "matriz_player" assigned a value but never read File: C:/Users/mende/Desktop/TEC/QuartusProyects/Laboratorio1/laboratorio_3/Battleship/battleship.sv Line: 27
Info (10008): Verilog HDL or VHDL information: EDA Netlist Writer cannot regroup multidimensional array "matriz_pc" into its bus
Info (10008): Verilog HDL or VHDL information: EDA Netlist Writer cannot regroup multidimensional array "matriz_player" into its bus
Info (12128): Elaborating entity "clk_divider" for hierarchy "clk_divider:new_clk" File: C:/Users/mende/Desktop/TEC/QuartusProyects/Laboratorio1/laboratorio_3/Battleship/battleship.sv Line: 56
Info (12128): Elaborating entity "fsm" for hierarchy "fsm:maquina" File: C:/Users/mende/Desktop/TEC/QuartusProyects/Laboratorio1/laboratorio_3/Battleship/battleship.sv Line: 70
Info (12128): Elaborating entity "contador_seg" for hierarchy "contador_seg:contador" File: C:/Users/mende/Desktop/TEC/QuartusProyects/Laboratorio1/laboratorio_3/Battleship/battleship.sv Line: 76
Info (12128): Elaborating entity "comparador" for hierarchy "comparador:comparar" File: C:/Users/mende/Desktop/TEC/QuartusProyects/Laboratorio1/laboratorio_3/Battleship/battleship.sv Line: 81
Info (12128): Elaborating entity "movimiento" for hierarchy "movimiento:move" File: C:/Users/mende/Desktop/TEC/QuartusProyects/Laboratorio1/laboratorio_3/Battleship/battleship.sv Line: 91
Warning (10235): Verilog HDL Always Construct warning at movimiento.sv(14): variable "temp_x" is read inside the Always Construct but isn't in the Always Construct's Event Control File: C:/Users/mende/Desktop/TEC/QuartusProyects/Laboratorio1/laboratorio_3/Battleship/movimiento.sv Line: 14
Warning (10235): Verilog HDL Always Construct warning at movimiento.sv(15): variable "temp_x" is read inside the Always Construct but isn't in the Always Construct's Event Control File: C:/Users/mende/Desktop/TEC/QuartusProyects/Laboratorio1/laboratorio_3/Battleship/movimiento.sv Line: 15
Warning (10230): Verilog HDL assignment warning at movimiento.sv(15): truncated value with size 32 to match size of target (3) File: C:/Users/mende/Desktop/TEC/QuartusProyects/Laboratorio1/laboratorio_3/Battleship/movimiento.sv Line: 15
Warning (10235): Verilog HDL Always Construct warning at movimiento.sv(16): variable "temp_x" is read inside the Always Construct but isn't in the Always Construct's Event Control File: C:/Users/mende/Desktop/TEC/QuartusProyects/Laboratorio1/laboratorio_3/Battleship/movimiento.sv Line: 16
Warning (10235): Verilog HDL Always Construct warning at movimiento.sv(17): variable "temp_x" is read inside the Always Construct but isn't in the Always Construct's Event Control File: C:/Users/mende/Desktop/TEC/QuartusProyects/Laboratorio1/laboratorio_3/Battleship/movimiento.sv Line: 17
Warning (10230): Verilog HDL assignment warning at movimiento.sv(17): truncated value with size 32 to match size of target (3) File: C:/Users/mende/Desktop/TEC/QuartusProyects/Laboratorio1/laboratorio_3/Battleship/movimiento.sv Line: 17
Warning (10235): Verilog HDL Always Construct warning at movimiento.sv(18): variable "temp_y" is read inside the Always Construct but isn't in the Always Construct's Event Control File: C:/Users/mende/Desktop/TEC/QuartusProyects/Laboratorio1/laboratorio_3/Battleship/movimiento.sv Line: 18
Warning (10235): Verilog HDL Always Construct warning at movimiento.sv(19): variable "temp_y" is read inside the Always Construct but isn't in the Always Construct's Event Control File: C:/Users/mende/Desktop/TEC/QuartusProyects/Laboratorio1/laboratorio_3/Battleship/movimiento.sv Line: 19
Warning (10230): Verilog HDL assignment warning at movimiento.sv(19): truncated value with size 32 to match size of target (3) File: C:/Users/mende/Desktop/TEC/QuartusProyects/Laboratorio1/laboratorio_3/Battleship/movimiento.sv Line: 19
Warning (10235): Verilog HDL Always Construct warning at movimiento.sv(20): variable "temp_y" is read inside the Always Construct but isn't in the Always Construct's Event Control File: C:/Users/mende/Desktop/TEC/QuartusProyects/Laboratorio1/laboratorio_3/Battleship/movimiento.sv Line: 20
Warning (10235): Verilog HDL Always Construct warning at movimiento.sv(21): variable "temp_y" is read inside the Always Construct but isn't in the Always Construct's Event Control File: C:/Users/mende/Desktop/TEC/QuartusProyects/Laboratorio1/laboratorio_3/Battleship/movimiento.sv Line: 21
Warning (10230): Verilog HDL assignment warning at movimiento.sv(21): truncated value with size 32 to match size of target (3) File: C:/Users/mende/Desktop/TEC/QuartusProyects/Laboratorio1/laboratorio_3/Battleship/movimiento.sv Line: 21
Warning (10240): Verilog HDL Always Construct warning at movimiento.sv(12): inferring latch(es) for variable "temp_x", which holds its previous value in one or more paths through the always construct File: C:/Users/mende/Desktop/TEC/QuartusProyects/Laboratorio1/laboratorio_3/Battleship/movimiento.sv Line: 12
Warning (10240): Verilog HDL Always Construct warning at movimiento.sv(12): inferring latch(es) for variable "temp_y", which holds its previous value in one or more paths through the always construct File: C:/Users/mende/Desktop/TEC/QuartusProyects/Laboratorio1/laboratorio_3/Battleship/movimiento.sv Line: 12
Info (10041): Inferred latch for "temp_y[0]" at movimiento.sv(24) File: C:/Users/mende/Desktop/TEC/QuartusProyects/Laboratorio1/laboratorio_3/Battleship/movimiento.sv Line: 24
Info (10041): Inferred latch for "temp_y[1]" at movimiento.sv(24) File: C:/Users/mende/Desktop/TEC/QuartusProyects/Laboratorio1/laboratorio_3/Battleship/movimiento.sv Line: 24
Info (10041): Inferred latch for "temp_y[2]" at movimiento.sv(24) File: C:/Users/mende/Desktop/TEC/QuartusProyects/Laboratorio1/laboratorio_3/Battleship/movimiento.sv Line: 24
Info (10041): Inferred latch for "temp_x[0]" at movimiento.sv(24) File: C:/Users/mende/Desktop/TEC/QuartusProyects/Laboratorio1/laboratorio_3/Battleship/movimiento.sv Line: 24
Info (10041): Inferred latch for "temp_x[1]" at movimiento.sv(24) File: C:/Users/mende/Desktop/TEC/QuartusProyects/Laboratorio1/laboratorio_3/Battleship/movimiento.sv Line: 24
Info (10041): Inferred latch for "temp_x[2]" at movimiento.sv(24) File: C:/Users/mende/Desktop/TEC/QuartusProyects/Laboratorio1/laboratorio_3/Battleship/movimiento.sv Line: 24
Info: Quartus Prime Analysis & Elaboration was successful. 0 errors, 17 warnings
    Info: Peak virtual memory: 4777 megabytes
    Info: Processing ended: Wed Apr  3 10:56:41 2024
    Info: Elapsed time: 00:00:06
    Info: Total CPU time (on all processors): 00:00:17


